#-----------------------------------------------------------
# Vivado v2021.1 (64-bit)
# SW Build 3247384 on Thu Jun 10 19:36:33 MDT 2021
# IP Build 3246043 on Fri Jun 11 00:30:35 MDT 2021
# Start of session at: Fri Dec  3 22:55:51 2021
# Process ID: 1484
# Current directory: D:/桌面/zxrshawn/大二/数字逻辑/汽车尾灯控制器设计——段茗睿 郑旭然/car_lights
# Command line: vivado.exe -gui_launcher_event rodinguilauncherevent3700 D:\桌面\zxrshawn\大二\数字逻辑\汽车尾灯控制器设计——段茗睿 郑旭然\car_lights\car_lights.xpr
# Log file: D:/桌面/zxrshawn/大二/数字逻辑/汽车尾灯控制器设计——段茗睿 郑旭然/car_lights/vivado.log
# Journal file: D:/桌面/zxrshawn/大二/数字逻辑/汽车尾灯控制器设计——段茗睿 郑旭然/car_lights\vivado.jou
#-----------------------------------------------------------
start_gui
open_project {D:/桌面/zxrshawn/大二/数字逻辑/汽车尾灯控制器设计——段茗睿 郑旭然/car_lights/car_lights.xpr}
INFO: [ProjectBase 1-489] The host OS only allows 260 characters in a normal path. The project is stored in a path with more than 80 characters. If you experience issues with IP, Block Designs, or files not being found, please consider moving the project to a location with a shorter path. Alternately consider using the OS subst command to map part of the path to a drive letter.
Current project path is 'D:/桌面/zxrshawn/大二/数字逻辑/汽车尾灯控制器设计——段茗睿 郑旭然/car_lights'
INFO: [Project 1-313] Project file moved from 'C:/Users/luxyd/Desktop/car_lights' since last save.
Scanning sources...
Finished scanning sources
INFO: [IP_Flow 19-234] Refreshing IP repositories
INFO: [IP_Flow 19-1700] Loaded user IP repository 'd:/桌面/zxrshawn/大二/数字逻辑/汽车尾灯控制器设计——段茗睿 郑旭然/counter'.
INFO: [IP_Flow 19-2313] Loaded Vivado IP repository 'D:/Xilinx/Vivado/2021.1/data/ip'.
open_project: Time (s): cpu = 00:00:36 ; elapsed = 00:00:12 . Memory (MB): peak = 1136.469 ; gain = 0.000
update_compile_order -fileset sources_1
exit
INFO: [Common 17-206] Exiting Vivado at Fri Dec  3 22:57:13 2021...
