Copyright 1986-2021 Xilinx, Inc. All Rights Reserved.
------------------------------------------------------------------------------------
| Tool Version : Vivado v.2021.1 (win64) Build 3247384 Thu Jun 10 19:36:33 MDT 2021
| Date         : Thu Dec  2 18:35:35 2021
| Host         : LAPTOP-JGKBNGHP running 64-bit major release  (build 9200)
| Command      : report_control_sets -verbose -file counter_control_sets_placed.rpt
| Design       : counter
| Device       : xc7a35t
------------------------------------------------------------------------------------

Control Set Information

Table of Contents
-----------------
1. Summary
2. Histogram
3. Flip-Flop Distribution
4. Detailed Control Set Information

1. Summary
----------

+----------------------------------------------------------+-------+
|                          Status                          | Count |
+----------------------------------------------------------+-------+
| Total control sets                                       |     5 |
|    Minimum number of control sets                        |     5 |
|    Addition due to synthesis replication                 |     0 |
|    Addition due to physical synthesis replication        |     0 |
| Unused register locations in slices containing registers |    23 |
+----------------------------------------------------------+-------+
* Control sets can be merged at opt_design using control_set_merge or merge_equivalent_drivers
** Run report_qor_suggestions for automated merging and remapping suggestions


2. Histogram
------------

+--------------------+-------+
|       Fanout       | Count |
+--------------------+-------+
| Total control sets |     5 |
| >= 0 to < 4        |     2 |
| >= 4 to < 6        |     1 |
| >= 6 to < 8        |     0 |
| >= 8 to < 10       |     0 |
| >= 10 to < 12      |     1 |
| >= 12 to < 14      |     0 |
| >= 14 to < 16      |     0 |
| >= 16              |     1 |
+--------------------+-------+
* Control sets can be remapped at either synth_design or opt_design


3. Flip-Flop Distribution
-------------------------

+--------------+-----------------------+------------------------+-----------------+--------------+
| Clock Enable | Synchronous Set/Reset | Asynchronous Set/Reset | Total Registers | Total Slices |
+--------------+-----------------------+------------------------+-----------------+--------------+
| No           | No                    | No                     |              12 |            4 |
| No           | No                    | Yes                    |               0 |            0 |
| No           | Yes                   | No                     |              25 |            7 |
| Yes          | No                    | No                     |               4 |            3 |
| Yes          | No                    | Yes                    |               0 |            0 |
| Yes          | Yes                   | No                     |               0 |            0 |
+--------------+-----------------------+------------------------+-----------------+--------------+


4. Detailed Control Set Information
-----------------------------------

+------------------+----------------+------------------+------------------+----------------+--------------+
|   Clock Signal   |  Enable Signal | Set/Reset Signal | Slice Load Count | Bel Load Count | Bels / Slice |
+------------------+----------------+------------------+------------------+----------------+--------------+
|  clk_div_reg_n_0 |                | num_reg_n_0_[3]  |                1 |              1 |         1.00 |
|  clk_IBUF_BUFG   |                |                  |                1 |              2 |         2.00 |
|  clk_div_reg_n_0 | num[3]_i_1_n_0 |                  |                3 |              4 |         1.33 |
|  clk_div_reg_n_0 |                |                  |                3 |             10 |         3.33 |
|  clk_IBUF_BUFG   |                | clk_div          |                6 |             24 |         4.00 |
+------------------+----------------+------------------+------------------+----------------+--------------+


